<?xml version="1.0" encoding="UTF-8"?>
<testsuite xmlns:xsi="http://www.w3.org/2001/XMLSchema-instance" xsi:noNamespaceSchemaLocation="https://maven.apache.org/surefire/maven-surefire-plugin/xsd/surefire-test-report-3.0.xsd" version="3.0" name="com.examly.springapp.controller.PolicyControllerTest" time="2.065" tests="2" errors="0" skipped="0" failures="0">
  <properties>
[...]
</properties>
  <testcase name="testEnrollPolicy" classname="com.examly.springapp.controller.PolicyControllerTest" time="0.06">
    <system-out><![CDATA[2026-09-05T16:24:04.844+05:30  INFO 22204 --- [           main] t.c.s.AnnotationConfigContextLoaderUtils : Could not detect default configuration classes for test class [com.examly.springapp.controller.PolicyControllerTest]: PolicyControllerTest does not declare any static, non-private, non-final, nested classes annotated with @Configuration.
2026-09-05T16:24:04.860+05:30  INFO 22204 --- [           main] .b.t.c.SpringBootTestContextBootstrapper : Found @SpringBootConfiguration com.examly.springapp.SpringappApplication for test class com.examly.springapp.controller.PolicyControllerTest
2026-09-05T16:24:04.904+05:30  INFO 22204 --- [           main] c.e.s.controller.PolicyControllerTest    : Starting PolicyControllerTest using Java 17.0.12 with PID 22204 (started by Meenakshi in D:\programming-projects\ad-project\springapp)
2026-09-05T16:24:04.910+05:30 DEBUG 22204 --- [           main] c.e.s.controller.PolicyControllerTest    : Running with Spring Boot v3.2.5, Spring v6.1.6
2026-09-05T16:24:04.910+05:30  INFO 22204 --- [           main] c.e.s.controller.PolicyControllerTest    : The following 1 profile is active: "test"
2026-09-05T16:24:05.193+05:30  INFO 22204 --- [           main] .s.d.r.c.RepositoryConfigurationDelegate : Bootstrapping Spring Data JPA repositories in DEFAULT mode.
2026-09-05T16:24:05.213+05:30  INFO 22204 --- [           main] .s.d.r.c.RepositoryConfigurationDelegate : Finished Spring Data repository scanning in 21 ms. Found 7 JPA repository interfaces.
2026-09-05T16:24:05.391+05:30  INFO 22204 --- [           main] o.hibernate.jpa.internal.util.LogHelper  : HHH000204: Processing PersistenceUnitInfo [name: default]
2026-09-05T16:24:05.392+05:30  INFO 22204 --- [           main] o.h.c.internal.RegionFactoryInitiator    : HHH000026: Second-level cache disabled
2026-09-05T16:24:05.399+05:30  INFO 22204 --- [           main] o.s.o.j.p.SpringPersistenceUnitInfo      : No LoadTimeWeaver setup: ignoring JPA class transformer
2026-09-05T16:24:05.399+05:30  INFO 22204 --- [           main] com.zaxxer.hikari.HikariDataSource       : HikariPool-2 - Starting...
2026-09-05T16:24:05.399+05:30  INFO 22204 --- [           main] com.zaxxer.hikari.pool.HikariPool        : HikariPool-2 - Added connection conn10: url=jdbc:h2:mem:testdb user=SA
2026-09-05T16:24:05.399+05:30  INFO 22204 --- [           main] com.zaxxer.hikari.HikariDataSource       : HikariPool-2 - Start completed.
2026-09-05T16:24:05.399+05:30  WARN 22204 --- [           main] org.hibernate.orm.deprecation            : HHH90000025: H2Dialect does not need to be specified explicitly using 'hibernate.dialect' (remove the property setting and it will be selected by default)
2026-09-05T16:24:05.587+05:30  INFO 22204 --- [           main] o.h.e.t.j.p.i.JtaPlatformInitiator       : HHH000489: No JTA platform available (set 'hibernate.transaction.jta.platform' to enable JTA platform integration)
2026-09-05T16:24:05.587+05:30 DEBUG 22204 --- [           main] org.hibernate.SQL                        : 
    drop table if exists audit_logs cascade 
2026-09-05T16:24:05.587+05:30 DEBUG 22204 --- [           main] org.hibernate.SQL                        : 
    drop table if exists claims cascade 
2026-09-05T16:24:05.597+05:30 DEBUG 22204 --- [           main] org.hibernate.SQL                        : 
    drop table if exists farmer_profiles cascade 
2026-09-05T16:24:05.597+05:30 DEBUG 22204 --- [           main] org.hibernate.SQL                        : 
    drop table if exists loss_notifications cascade 
2026-09-05T16:24:05.599+05:30 DEBUG 22204 --- [           main] org.hibernate.SQL                        : 
    drop table if exists policies cascade 
2026-09-05T16:24:05.599+05:30 DEBUG 22204 --- [           main] org.hibernate.SQL                        : 
    drop table if exists survey_assignments cascade 
2026-09-05T16:24:05.601+05:30 DEBUG 22204 --- [           main] org.hibernate.SQL                        : 
    drop table if exists users cascade 
2026-09-05T16:24:05.601+05:30 DEBUG 22204 --- [           main] org.hibernate.SQL                        : 
    create table audit_logs (
        entity_id bigint,
        id bigint generated by default as identity,
        timestamp timestamp(6) not null,
        user_id bigint,
        ip_address varchar(45),
        entity_name varchar(50) not null,
        action varchar(100) not null,
        details varchar(500),
        primary key (id)
    )
2026-09-05T16:24:05.604+05:30 DEBUG 22204 --- [           main] org.hibernate.SQL                        : 
    create table claims (
        approved_amount numeric(12,2),
        claimed_amount numeric(12,2) not null,
        disbursed_date date,
        id bigint generated by default as identity,
        level1_approved_at timestamp(6),
        level1_approver_id bigint,
        level2_approved_at timestamp(6),
        level2_approver_id bigint,
        policy_id bigint not null,
        survey_id bigint not null unique,
        dbt_ifsc varchar(11) not null,
        dbt_bank_account varchar(18) not null,
        dbt_utr varchar(50),
        remarks varchar(500),
        status varchar(255) not null check (status in ('INITIATED','UNDER_REVIEW','LEVEL1_APPROVED','APPROVED','REJECTED','PAID')),
        primary key (id)
    )
2026-09-05T16:24:05.605+05:30 DEBUG 22204 --- [           main] org.hibernate.SQL                        : 
    create table farmer_profiles (
        pincode varchar(6) not null,
        id bigint generated by default as identity,
        user_id bigint not null unique,
        ifsc_code varchar(11) not null,
        bank_account_no varchar(18) not null,
        district varchar(50) not null,
        state varchar(50) not null,
        bank_name varchar(100) not null,
        aadhaar_number varchar(255) not null unique,
        primary key (id)
    )
2026-09-05T16:24:05.607+05:30 DEBUG 22204 --- [           main] org.hibernate.SQL                        : 
    create table loss_notifications (
        affected_area_ha numeric(10,2) not null,
        geo_lat numeric(10,8) not null,
        geo_lng numeric(11,8) not null,
        satellite_ndvi_score numeric(3,2),
        id bigint generated by default as identity,
        loss_date timestamp(6) not null,
        notification_date timestamp(6),
        policy_id bigint not null,
        loss_type varchar(255) not null check (loss_type in ('DROUGHT','FLOOD','PEST','HAILSTORM','FIRE','OTHER')),
        photo_urls TEXT,
        status varchar(255) not null check (status in ('SUBMITTED','SURVEYOR_ASSIGNED','SURVEYED')),
        primary key (id)
    )
2026-09-05T16:24:05.609+05:30 DEBUG 22204 --- [           main] org.hibernate.SQL                        : 
    create table policies (
        crop_year integer not null,
        enrollment_date date not null,
        premium_centre numeric(12,2) not null,
        premium_farmer numeric(12,2) not null,
        premium_state numeric(12,2) not null,
        sown_area_ha numeric(10,2) not null,
        sum_insured numeric(12,2) not null,
        enrolled_by_id bigint,
        farmer_id bigint not null,
        id bigint generated by default as identity,
        district varchar(50) not null,
        khasra_survey_no varchar(50) not null,
        state varchar(50) not null,
        crop_name varchar(100) not null,
        season varchar(255) not null check (season in ('KHARIF','RABI','ZAID')),
        status varchar(255) not null check (status in ('ENROLLED','ACTIVE','CLAIM_FILED','SETTLED','LAPSED')),
        primary key (id)
    )
2026-09-05T16:24:05.609+05:30 DEBUG 22204 --- [           main] org.hibernate.SQL                        : 
    create table survey_assignments (
        loss_assessed_pct numeric(5,2),
        survey_date date not null,
        survey_geo_lat numeric(10,8),
        survey_geo_lng numeric(11,8),
        yield_assessed_kg_ha numeric(10,2),
        id bigint generated by default as identity,
        notification_id bigint not null unique,
        survey_completed_at timestamp(6),
        surveyor_id bigint not null,
        status varchar(255) not null check (status in ('ASSIGNED','SUBMITTED','VERIFIED')),
        survey_photos TEXT,
        primary key (id)
    )
2026-09-05T16:24:05.609+05:30 DEBUG 22204 --- [           main] org.hibernate.SQL                        : 
    create table users (
        is_active boolean,
        created_date timestamp(6),
        id bigint generated by default as identity,
        last_login timestamp(6),
        phone_number varchar(10) not null unique,
        name varchar(100) not null,
        email varchar(150) not null unique,
        password_hash varchar(255) not null,
        role varchar(255) not null check (role in ('FARMER','INSURER','SURVEYOR','ADMIN','BANK_OFFICER','STATE_OFFICER','GUEST')),
        primary key (id)
    )
2026-09-05T16:24:05.609+05:30 DEBUG 22204 --- [           main] org.hibernate.SQL                        : 
    alter table if exists audit_logs 
       add constraint FKjs4iimve3y0xssbtve5ysyef0 
       foreign key (user_id) 
       references users
2026-09-05T16:24:05.609+05:30 DEBUG 22204 --- [           main] org.hibernate.SQL                        : 
    alter table if exists claims 
       add constraint FKel6m0wgsxgel59ug1ichcok19 
       foreign key (level1_approver_id) 
       references users
2026-09-05T16:24:05.609+05:30 DEBUG 22204 --- [           main] org.hibernate.SQL                        : 
    alter table if exists claims 
       add constraint FK6sc94w8tf104bv4ot0xcret9s 
       foreign key (level2_approver_id) 
       references users
2026-09-05T16:24:05.619+05:30 DEBUG 22204 --- [           main] org.hibernate.SQL                        : 
    alter table if exists claims 
       add constraint FKm0w2xffwe13pmkusoxnxuim7j 
       foreign key (policy_id) 
       references policies
2026-09-05T16:24:05.619+05:30 DEBUG 22204 --- [           main] org.hibernate.SQL                        : 
    alter table if exists claims 
       add constraint FKayapqvb6y18fae0uqx2pec6e0 
       foreign key (survey_id) 
       references survey_assignments
2026-09-05T16:24:05.621+05:30 DEBUG 22204 --- [           main] org.hibernate.SQL                        : 
    alter table if exists farmer_profiles 
       add constraint FKc3oxyvl3mtl2nkm5yslcym67j 
       foreign key (user_id) 
       references users
2026-09-05T16:24:05.621+05:30 DEBUG 22204 --- [           main] org.hibernate.SQL                        : 
    alter table if exists loss_notifications 
       add constraint FKu6a2hnbchw56tckq2v8318aq 
       foreign key (policy_id) 
       references policies
2026-09-05T16:24:05.624+05:30 DEBUG 22204 --- [           main] org.hibernate.SQL                        : 
    alter table if exists policies 
       add constraint FKbgul3dtx9u1gnlq4rpnigy7y5 
       foreign key (enrolled_by_id) 
       references users
2026-09-05T16:24:05.624+05:30 DEBUG 22204 --- [           main] org.hibernate.SQL                        : 
    alter table if exists policies 
       add constraint FKj5srljfsyn0b9jg0m4jsg37ef 
       foreign key (farmer_id) 
       references users
2026-09-05T16:24:05.624+05:30 DEBUG 22204 --- [           main] org.hibernate.SQL                        : 
    alter table if exists survey_assignments 
       add constraint FKcpo1lfs7c8g8of7iaxobi99tw 
       foreign key (notification_id) 
       references loss_notifications
2026-09-05T16:24:05.624+05:30 DEBUG 22204 --- [           main] org.hibernate.SQL                        : 
    alter table if exists survey_assignments 
       add constraint FKj4a5r89iiweqbp1teg87wus 
       foreign key (surveyor_id) 
       references users
2026-09-05T16:24:05.624+05:30  INFO 22204 --- [           main] j.LocalContainerEntityManagerFactoryBean : Initialized JPA EntityManagerFactory for persistence unit 'default'
2026-09-05T16:24:05.826+05:30  WARN 22204 --- [           main] JpaBaseConfiguration$JpaWebConfiguration : spring.jpa.open-in-view is enabled by default. Therefore, database queries may be performed during view rendering. Explicitly configure spring.jpa.open-in-view to disable this warning
2026-09-05T16:24:05.955+05:30  INFO 22204 --- [           main] o.s.s.web.DefaultSecurityFilterChain     : Will secure any request with [org.springframework.security.web.session.DisableEncodeUrlFilter@745955ba, org.springframework.security.web.context.request.async.WebAsyncManagerIntegrationFilter@9ef7fd8, org.springframework.security.web.context.SecurityContextHolderFilter@7a72fc23, org.springframework.security.web.header.HeaderWriterFilter@6379f341, org.springframework.web.filter.CorsFilter@217ed737, org.springframework.security.web.authentication.logout.LogoutFilter@4337cf96, com.examly.springapp.security.JwtAuthFilter@5eead9c2, org.springframework.security.web.savedrequest.RequestCacheAwareFilter@767cacee, org.springframework.security.web.servletapi.SecurityContextHolderAwareRequestFilter@5a33ba9b, org.springframework.security.web.authentication.AnonymousAuthenticationFilter@4af3cacb, org.springframework.security.web.session.SessionManagementFilter@155c2a47, org.springframework.security.web.access.ExceptionTranslationFilter@4968bd4e, org.springframework.security.web.access.intercept.AuthorizationFilter@171f9f2c]
2026-09-05T16:24:06.110+05:30 DEBUG 22204 --- [           main] c.e.springapp.security.JwtAuthFilter     : Filter 'jwtAuthFilter' configured for use
2026-09-05T16:24:06.110+05:30  INFO 22204 --- [           main] o.s.b.t.m.w.SpringBootMockServletContext : Initializing Spring TestDispatcherServlet ''
2026-09-05T16:24:06.110+05:30  INFO 22204 --- [           main] o.s.t.web.servlet.TestDispatcherServlet  : Initializing Servlet ''
2026-09-05T16:24:06.113+05:30  INFO 22204 --- [           main] o.s.t.web.servlet.TestDispatcherServlet  : Completed initialization in 3 ms
2026-09-05T16:24:06.124+05:30  INFO 22204 --- [           main] c.e.s.controller.PolicyControllerTest    : Started PolicyControllerTest in 1.255 seconds (process running for 13.12)
2026-09-05T16:24:06.124+05:30 DEBUG 22204 --- [           main] org.hibernate.SQL                        : 
    select
        count(*) 
    from
        users u1_0
2026-09-05T16:24:06.240+05:30 DEBUG 22204 --- [           main] org.hibernate.SQL                        : 
    insert 
    into
        users
        (created_date, email, is_active, last_login, name, password_hash, phone_number, role, id) 
    values
        (?, ?, ?, ?, ?, ?, ?, ?, default)
2026-09-05T16:24:06.240+05:30 TRACE 22204 --- [           main] org.hibernate.orm.jdbc.bind              : binding parameter (1:TIMESTAMP) <- [2026-09-05T16:24:06.240743100]
2026-09-05T16:24:06.240+05:30 TRACE 22204 --- [           main] org.hibernate.orm.jdbc.bind              : binding parameter (2:VARCHAR) <- [admin@cropinsure.gov.in]
2026-09-05T16:24:06.243+05:30 TRACE 22204 --- [           main] org.hibernate.orm.jdbc.bind              : binding parameter (3:BOOLEAN) <- [true]
2026-09-05T16:24:06.243+05:30 TRACE 22204 --- [           main] org.hibernate.orm.jdbc.bind              : binding parameter (4:TIMESTAMP) <- [null]
2026-09-05T16:24:06.243+05:30 TRACE 22204 --- [           main] org.hibernate.orm.jdbc.bind              : binding parameter (5:VARCHAR) <- [Admin User]
2026-09-05T16:24:06.244+05:30 TRACE 22204 --- [           main] org.hibernate.orm.jdbc.bind              : binding parameter (6:VARCHAR) <- [$2a$10$9Dw1a3p1t048qIujSs2WOOiMEZmufUuld2Y60LjSvqjXLlcLf.RZO]
2026-09-05T16:24:06.244+05:30 TRACE 22204 --- [           main] org.hibernate.orm.jdbc.bind              : binding parameter (7:VARCHAR) <- [9999999999]
2026-09-05T16:24:06.244+05:30 TRACE 22204 --- [           main] org.hibernate.orm.jdbc.bind              : binding parameter (8:VARCHAR) <- [ADMIN]
2026-09-05T16:24:06.366+05:30 DEBUG 22204 --- [           main] org.hibernate.SQL                        : 
    insert 
    into
        users
        (created_date, email, is_active, last_login, name, password_hash, phone_number, role, id) 
    values
        (?, ?, ?, ?, ?, ?, ?, ?, default)
2026-09-05T16:24:06.367+05:30 TRACE 22204 --- [           main] org.hibernate.orm.jdbc.bind              : binding parameter (1:TIMESTAMP) <- [2026-09-05T16:24:06.364906500]
2026-09-05T16:24:06.367+05:30 TRACE 22204 --- [           main] org.hibernate.orm.jdbc.bind              : binding parameter (2:VARCHAR) <- [ramesh@farmer.in]
2026-09-05T16:24:06.367+05:30 TRACE 22204 --- [           main] org.hibernate.orm.jdbc.bind              : binding parameter (3:BOOLEAN) <- [true]
2026-09-05T16:24:06.367+05:30 TRACE 22204 --- [           main] org.hibernate.orm.jdbc.bind              : binding parameter (4:TIMESTAMP) <- [null]
2026-09-05T16:24:06.367+05:30 TRACE 22204 --- [           main] org.hibernate.orm.jdbc.bind              : binding parameter (5:VARCHAR) <- [Farmer Ramesh]
2026-09-05T16:24:06.367+05:30 TRACE 22204 --- [           main] org.hibernate.orm.jdbc.bind              : binding parameter (6:VARCHAR) <- [$2a$10$SD0.0NUnEqhEXYmF98zuMu52jpvW./Ta.8hEHkB0GgkzqoPJXzFWa]
2026-09-05T16:24:06.367+05:30 TRACE 22204 --- [           main] org.hibernate.orm.jdbc.bind              : binding parameter (7:VARCHAR) <- [9876543210]
2026-09-05T16:24:06.367+05:30 TRACE 22204 --- [           main] org.hibernate.orm.jdbc.bind              : binding parameter (8:VARCHAR) <- [FARMER]
2026-09-05T16:24:06.486+05:30 DEBUG 22204 --- [           main] org.hibernate.SQL                        : 
    insert 
    into
        users
        (created_date, email, is_active, last_login, name, password_hash, phone_number, role, id) 
    values
        (?, ?, ?, ?, ?, ?, ?, ?, default)
2026-09-05T16:24:06.486+05:30 TRACE 22204 --- [           main] org.hibernate.orm.jdbc.bind              : binding parameter (1:TIMESTAMP) <- [2026-09-05T16:24:06.486996400]
2026-09-05T16:24:06.488+05:30 TRACE 22204 --- [           main] org.hibernate.orm.jdbc.bind              : binding parameter (2:VARCHAR) <- [officer@insurer.com]
2026-09-05T16:24:06.488+05:30 TRACE 22204 --- [           main] org.hibernate.orm.jdbc.bind              : binding parameter (3:BOOLEAN) <- [true]
2026-09-05T16:24:06.488+05:30 TRACE 22204 --- [           main] org.hibernate.orm.jdbc.bind              : binding parameter (4:TIMESTAMP) <- [null]
2026-09-05T16:24:06.488+05:30 TRACE 22204 --- [           main] org.hibernate.orm.jdbc.bind              : binding parameter (5:VARCHAR) <- [Insurer Officer]
2026-09-05T16:24:06.488+05:30 TRACE 22204 --- [           main] org.hibernate.orm.jdbc.bind              : binding parameter (6:VARCHAR) <- [$2a$10$S6YZFvTMiWEB42mL0laOiOECkdLfE/mAYyWV1Kh83n/nDiG1xSy9S]
2026-09-05T16:24:06.489+05:30 TRACE 22204 --- [           main] org.hibernate.orm.jdbc.bind              : binding parameter (7:VARCHAR) <- [9876543211]
2026-09-05T16:24:06.489+05:30 TRACE 22204 --- [           main] org.hibernate.orm.jdbc.bind              : binding parameter (8:VARCHAR) <- [INSURER]
2026-09-05T16:24:06.606+05:30 DEBUG 22204 --- [           main] org.hibernate.SQL                        : 
    insert 
    into
        users
        (created_date, email, is_active, last_login, name, password_hash, phone_number, role, id) 
    values
        (?, ?, ?, ?, ?, ?, ?, ?, default)
2026-09-05T16:24:06.606+05:30 TRACE 22204 --- [           main] org.hibernate.orm.jdbc.bind              : binding parameter (1:TIMESTAMP) <- [2026-09-05T16:24:06.605816]
2026-09-05T16:24:06.606+05:30 TRACE 22204 --- [           main] org.hibernate.orm.jdbc.bind              : binding parameter (2:VARCHAR) <- [surveyor@assess.gov.in]
2026-09-05T16:24:06.606+05:30 TRACE 22204 --- [           main] org.hibernate.orm.jdbc.bind              : binding parameter (3:BOOLEAN) <- [true]
2026-09-05T16:24:06.606+05:30 TRACE 22204 --- [           main] org.hibernate.orm.jdbc.bind              : binding parameter (4:TIMESTAMP) <- [null]
2026-09-05T16:24:06.606+05:30 TRACE 22204 --- [           main] org.hibernate.orm.jdbc.bind              : binding parameter (5:VARCHAR) <- [Surveyor Officer]
2026-09-05T16:24:06.606+05:30 TRACE 22204 --- [           main] org.hibernate.orm.jdbc.bind              : binding parameter (6:VARCHAR) <- [$2a$10$i7JTOfTD0fqfu/HTYrtEj.OQjGdBjqys8aRvOhxiXY7pYV03uvURC]
2026-09-05T16:24:06.606+05:30 TRACE 22204 --- [           main] org.hibernate.orm.jdbc.bind              : binding parameter (7:VARCHAR) <- [9876543212]
2026-09-05T16:24:06.606+05:30 TRACE 22204 --- [           main] org.hibernate.orm.jdbc.bind              : binding parameter (8:VARCHAR) <- [SURVEYOR]
2026-09-05T16:24:06.712+05:30 DEBUG 22204 --- [           main] org.hibernate.SQL                        : 
    insert 
    into
        users
        (created_date, email, is_active, last_login, name, password_hash, phone_number, role, id) 
    values
        (?, ?, ?, ?, ?, ?, ?, ?, default)
2026-09-05T16:24:06.712+05:30 TRACE 22204 --- [           main] org.hibernate.orm.jdbc.bind              : binding parameter (1:TIMESTAMP) <- [2026-09-05T16:24:06.712580300]
2026-09-05T16:24:06.712+05:30 TRACE 22204 --- [           main] org.hibernate.orm.jdbc.bind              : binding parameter (2:VARCHAR) <- [bank@officer.in]
2026-09-05T16:24:06.712+05:30 TRACE 22204 --- [           main] org.hibernate.orm.jdbc.bind              : binding parameter (3:BOOLEAN) <- [true]
2026-09-05T16:24:06.712+05:30 TRACE 22204 --- [           main] org.hibernate.orm.jdbc.bind              : binding parameter (4:TIMESTAMP) <- [null]
2026-09-05T16:24:06.712+05:30 TRACE 22204 --- [           main] org.hibernate.orm.jdbc.bind              : binding parameter (5:VARCHAR) <- [Bank Officer]
2026-09-05T16:24:06.712+05:30 TRACE 22204 --- [           main] org.hibernate.orm.jdbc.bind              : binding parameter (6:VARCHAR) <- [$2a$10$vfzfDKZeIdykkdEWIxJbX.ZPFsoW1r0i/dJ5SzPy.aghgxceaA6/y]
2026-09-05T16:24:06.712+05:30 TRACE 22204 --- [           main] org.hibernate.orm.jdbc.bind              : binding parameter (7:VARCHAR) <- [9876543213]
2026-09-05T16:24:06.712+05:30 TRACE 22204 --- [           main] org.hibernate.orm.jdbc.bind              : binding parameter (8:VARCHAR) <- [BANK_OFFICER]
2026-09-05T16:24:06.826+05:30 DEBUG 22204 --- [           main] org.hibernate.SQL                        : 
    insert 
    into
        users
        (created_date, email, is_active, last_login, name, password_hash, phone_number, role, id) 
    values
        (?, ?, ?, ?, ?, ?, ?, ?, default)
2026-09-05T16:24:06.826+05:30 TRACE 22204 --- [           main] org.hibernate.orm.jdbc.bind              : binding parameter (1:TIMESTAMP) <- [2026-09-05T16:24:06.825229200]
2026-09-05T16:24:06.826+05:30 TRACE 22204 --- [           main] org.hibernate.orm.jdbc.bind              : binding parameter (2:VARCHAR) <- [state@officer.gov.in]
2026-09-05T16:24:06.826+05:30 TRACE 22204 --- [           main] org.hibernate.orm.jdbc.bind              : binding parameter (3:BOOLEAN) <- [true]
2026-09-05T16:24:06.828+05:30 TRACE 22204 --- [           main] org.hibernate.orm.jdbc.bind              : binding parameter (4:TIMESTAMP) <- [null]
2026-09-05T16:24:06.828+05:30 TRACE 22204 --- [           main] org.hibernate.orm.jdbc.bind              : binding parameter (5:VARCHAR) <- [State Officer]
2026-09-05T16:24:06.828+05:30 TRACE 22204 --- [           main] org.hibernate.orm.jdbc.bind              : binding parameter (6:VARCHAR) <- [$2a$10$q3EOoTA0LmCRdM301mFxceEfcEb6CgpKm3GODBYCRs8PbR3R754ey]
2026-09-05T16:24:06.828+05:30 TRACE 22204 --- [           main] org.hibernate.orm.jdbc.bind              : binding parameter (7:VARCHAR) <- [9876543214]
2026-09-05T16:24:06.828+05:30 TRACE 22204 --- [           main] org.hibernate.orm.jdbc.bind              : binding parameter (8:VARCHAR) <- [STATE_OFFICER]
✅ DataSeeder initialized default users successfully.
]]></system-out>
  </testcase>
  <testcase name="testGetPoliciesByFarmer" classname="com.examly.springapp.controller.PolicyControllerTest" time="0.014"/>
</testsuite>